<?xml version="1.0" encoding="UTF-8"?>
<!-- Generated by org.testng.reporters.JUnitXMLReporter -->
<testsuite ignored="0" hostname="Mugil" failures="1" tests="1" name="Test" time="0.598" errors="0" timestamp="2025-04-10T13:36:46 NZST">
  <testcase classname="TestNG.TestcaseForDataProvider" name="login" time="0.0">
    <failure type="java.lang.RuntimeException" message="java.lang.ArrayIndexOutOfBoundsException: Index -1 out of bounds for length 700">
      <![CDATA[java.lang.RuntimeException: java.lang.ArrayIndexOutOfBoundsException: Index -1 out of bounds for length 700
at java.base/java.util.ArrayList.forEach(ArrayList.java:1596)
Caused by: java.lang.ArrayIndexOutOfBoundsException: Index -1 out of bounds for length 700
at ReadFromExcel.DataInteExcel.getexcelData(DataInteExcel.java:47)
at utlis.DataproIntegrateExcel.GetData(DataproIntegrateExcel.java:12)
... 25 more
... Removed 30 stack frames]]>
    </failure>
  </testcase> <!-- login -->
</testsuite> <!-- Test -->
