<?xml version="1.0" encoding="UTF-8"?>
<!-- Generated by org.testng.reporters.JUnitReportReporter -->
<testsuite hostname="Mugil" failures="0" tests="3" name="TestNG.Part13dataprofromotherpac" time="13.181" errors="0" timestamp="2025-04-09T15:03:49 NZST" skipped="0">
  <testcase classname="TestNG.Part13dataprofromotherpac" name="login" time="4.515"/>
  <testcase classname="TestNG.Part13dataprofromotherpac" name="login" time="4.639"/>
  <testcase classname="TestNG.Part13dataprofromotherpac" name="login" time="4.027"/>
</testsuite> <!-- TestNG.Part13dataprofromotherpac -->
